<?xml version="1.0" encoding="UTF-8"?>
<testng-results ignored="0" total="1" passed="1" failed="0" skipped="0">
  <reporter-output>
  </reporter-output>
  <suite started-at="2023-02-03T00:42:28 IST" name="Default suite" finished-at="2023-02-03T00:42:41 IST" duration-ms="13188">
    <groups>
    </groups>
    <test started-at="2023-02-03T00:42:28 IST" name="Default test" finished-at="2023-02-03T00:42:41 IST" duration-ms="13188">
      <class name="com.testNG.TestNGClass">
        <test-method is-config="true" signature="beforeClass()[pri:0, instance:com.testNG.TestNGClass@70e8f8e]" started-at="2023-02-03T00:42:28 IST" name="beforeClass" finished-at="2023-02-03T00:42:34 IST" duration-ms="5425" status="PASS">
          <reporter-output>
          </reporter-output>
        </test-method> <!-- beforeClass -->
        <test-method is-config="true" signature="beforeMethod()[pri:0, instance:com.testNG.TestNGClass@70e8f8e]" started-at="2023-02-03T00:42:34 IST" name="beforeMethod" finished-at="2023-02-03T00:42:40 IST" duration-ms="6040" status="PASS">
          <reporter-output>
          </reporter-output>
        </test-method> <!-- beforeMethod -->
        <test-method signature="test()[pri:0, instance:com.testNG.TestNGClass@70e8f8e]" started-at="2023-02-03T00:42:40 IST" name="test" finished-at="2023-02-03T00:42:41 IST" duration-ms="733" status="PASS">
          <reporter-output>
          </reporter-output>
        </test-method> <!-- test -->
        <test-method is-config="true" signature="afterMethod()[pri:0, instance:com.testNG.TestNGClass@70e8f8e]" started-at="2023-02-03T00:42:41 IST" name="afterMethod" finished-at="2023-02-03T00:42:41 IST" duration-ms="413" status="PASS">
          <reporter-output>
          </reporter-output>
        </test-method> <!-- afterMethod -->
        <test-method is-config="true" signature="afterclass()[pri:0, instance:com.testNG.TestNGClass@70e8f8e]" started-at="2023-02-03T00:42:41 IST" name="afterclass" finished-at="2023-02-03T00:42:41 IST" duration-ms="446" status="PASS">
          <reporter-output>
          </reporter-output>
        </test-method> <!-- afterclass -->
      </class> <!-- com.testNG.TestNGClass -->
    </test> <!-- Default test -->
  </suite> <!-- Default suite -->
</testng-results>
